CREATE EXTENSION anyarray;
SELECT anyset(1234);
 anyset 
--------
 {1234}
(1 row)

SELECT icount('{1234234,0234234}'::int[]);
 icount 
--------
      2
(1 row)

SELECT sort('{1234234,-30,0234234}'::int[]);
         sort         
----------------------
 {-30,234234,1234234}
(1 row)

SELECT sort('{1234234,-30,0234234}'::int[],'asc');
         sort         
----------------------
 {-30,234234,1234234}
(1 row)

SELECT sort('{1234234,-30,0234234}'::int[],'desc');
         sort         
----------------------
 {1234234,234234,-30}
(1 row)

SELECT sort_asc('{1234234,-30,0234234}'::int[]);
       sort_asc       
----------------------
 {-30,234234,1234234}
(1 row)

SELECT sort_desc('{1234234,-30,0234234}'::int[]);
      sort_desc       
----------------------
 {1234234,234234,-30}
(1 row)

SELECT uniq('{1234234,-30,-30,0234234,-30}'::int[]);
           uniq           
--------------------------
 {1234234,-30,234234,-30}
(1 row)

SELECT uniq(sort_asc('{1234234,-30,-30,0234234,-30}'::int[]));
         uniq         
----------------------
 {-30,234234,1234234}
(1 row)

SELECT idx('{1234234,-30,-30,0234234,-30}'::int[],-30);
 idx 
-----
   2
(1 row)

SELECT subarray('{1234234,-30,-30,0234234,-30}'::int[],2,3);
     subarray     
------------------
 {-30,-30,234234}
(1 row)

SELECT subarray('{1234234,-30,-30,0234234,-30}'::int[],-1,1);
 subarray 
----------
 {-30}
(1 row)

SELECT subarray('{1234234,-30,-30,0234234,-30}'::int[],0,-1);
         subarray         
--------------------------
 {1234234,-30,-30,234234}
(1 row)

SELECT anyset('1234'::text);
 anyset 
--------
 {1234}
(1 row)

SELECT icount('{1234234,0234234}'::text[]);
 icount 
--------
      2
(1 row)

SELECT sort('{1234234,-30,0234234}'::text[]);
         sort          
-----------------------
 {-30,0234234,1234234}
(1 row)

SELECT sort('{1234234,-30,0234234}'::text[],'asc');
         sort          
-----------------------
 {-30,0234234,1234234}
(1 row)

SELECT sort('{1234234,-30,0234234}'::text[],'desc');
         sort          
-----------------------
 {1234234,0234234,-30}
(1 row)

SELECT sort_asc('{1234234,-30,0234234}'::text[]);
       sort_asc        
-----------------------
 {-30,0234234,1234234}
(1 row)

SELECT sort_desc('{1234234,-30,0234234}'::text[]);
       sort_desc       
-----------------------
 {1234234,0234234,-30}
(1 row)

SELECT uniq('{1234234,-30,-30,0234234,-30}'::text[]);
           uniq            
---------------------------
 {1234234,-30,0234234,-30}
(1 row)

SELECT uniq(sort_asc('{1234234,-30,-30,0234234,-30}'::text[]));
         uniq          
-----------------------
 {-30,0234234,1234234}
(1 row)

SELECT idx('{1234234,-30,-30,0234234,-30}'::text[], '-30');
 idx 
-----
   2
(1 row)

SELECT subarray('{1234234,-30,-30,0234234,-30}'::text[],2,3);
     subarray      
-------------------
 {-30,-30,0234234}
(1 row)

SELECT subarray('{1234234,-30,-30,0234234,-30}'::text[],-1,1);
 subarray 
----------
 {-30}
(1 row)

SELECT subarray('{1234234,-30,-30,0234234,-30}'::text[],0,-1);
         subarray          
---------------------------
 {1234234,-30,-30,0234234}
(1 row)

SELECT #'{1234234,0234234}'::int[];
 ?column? 
----------
        2
(1 row)

SELECT '{123,623,445}'::int[] + 1245;
      ?column?      
--------------------
 {123,623,445,1245}
(1 row)

SELECT '{123,623,445}'::int[] + 445;
     ?column?      
-------------------
 {123,623,445,445}
(1 row)

SELECT '{123,623,445}'::int[] + '{1245,87,445}';
         ?column?          
---------------------------
 {123,623,445,1245,87,445}
(1 row)

SELECT '{123,623,445}'::int[] - 623;
 ?column?  
-----------
 {123,445}
(1 row)

SELECT #'{1234234,0234234}'::text[];
 ?column? 
----------
        2
(1 row)

SELECT '{123,623,445}'::text[] + '1245'::text;
      ?column?      
--------------------
 {123,623,445,1245}
(1 row)

SELECT '{123,623,445}'::text[] + '445'::text;
     ?column?      
-------------------
 {123,623,445,445}
(1 row)

SELECT '{123,623,445}'::text[] + '{1245,87,445}';
         ?column?          
---------------------------
 {123,623,445,1245,87,445}
(1 row)

SELECT '{123,623,445}'::text[] - '623'::text;
 ?column?  
-----------
 {123,445}
(1 row)

