SELECT
    t,
	ARRAY(
		SELECT
			('01:01:01:01:01:' || to_hex(v % 256))::macaddr
		FROM
			generate_series(max(0, t - 10),  t) as v
	) AS v
	INTO test_macaddr
FROM
	generate_series(1, 200) as t;
SET anyarray.similarity_type=cosine;
SELECT  t, similarity(v, to_macp_array('{10,9,8,7,6,5,4,3,2,1}')::macaddr[]) AS s FROM test_macaddr 
	WHERE v % to_macp_array('{10,9,8,7,6,5,4,3,2,1}')::macaddr[] ORDER BY s DESC, t;
 t  |    s     
----+----------
 10 | 0.953463
 11 | 0.953463
  9 |      0.9
 12 | 0.858116
  8 | 0.843274
  7 | 0.782624
 13 |  0.76277
  6 | 0.717137
 14 | 0.667424
  5 | 0.645497
(10 rows)

SELECT  t, similarity(v, to_macp_array('{50,49,8,7,6,5,4,3,2,1}')::macaddr[]) AS s FROM test_macaddr 
	WHERE v % to_macp_array('{50,49,8,7,6,5,4,3,2,1}')::macaddr[] ORDER BY s DESC, t;
 t  |    s     
----+----------
  8 | 0.843274
  9 |      0.8
  7 | 0.782624
 10 |  0.76277
 11 |  0.76277
  6 | 0.717137
 12 | 0.667424
  5 | 0.645497
(8 rows)

SET anyarray.similarity_type=jaccard;
SELECT  t, similarity(v, to_macp_array('{10,9,8,7,6,5,4,3,2,1}')::macaddr[]) AS s FROM test_macaddr 
	WHERE v % to_macp_array('{10,9,8,7,6,5,4,3,2,1}')::macaddr[] ORDER BY s DESC, t;
 t  |    s     
----+----------
 10 | 0.909091
 11 | 0.909091
  9 | 0.818182
 12 |     0.75
  8 | 0.727273
  7 | 0.636364
 13 | 0.615385
(7 rows)

SELECT  t, similarity(v, to_macp_array('{50,49,8,7,6,5,4,3,2,1}')::macaddr[]) AS s FROM test_macaddr 
	WHERE v % to_macp_array('{50,49,8,7,6,5,4,3,2,1}')::macaddr[] ORDER BY s DESC, t;
 t  |    s     
----+----------
  8 | 0.727273
  9 | 0.666667
  7 | 0.636364
 10 | 0.615385
 11 | 0.615385
(5 rows)

SELECT t, v FROM test_macaddr WHERE v && to_macp_array('{43,50}')::macaddr[] ORDER BY t;
 t  |                                                                                                    v                                                                                                    
----+---------------------------------------------------------------------------------------------------------------------------------------------------------------------------------------------------------
 43 | {01:01:01:01:01:21,01:01:01:01:01:22,01:01:01:01:01:23,01:01:01:01:01:24,01:01:01:01:01:25,01:01:01:01:01:26,01:01:01:01:01:27,01:01:01:01:01:28,01:01:01:01:01:29,01:01:01:01:01:2a,01:01:01:01:01:2b}
 44 | {01:01:01:01:01:22,01:01:01:01:01:23,01:01:01:01:01:24,01:01:01:01:01:25,01:01:01:01:01:26,01:01:01:01:01:27,01:01:01:01:01:28,01:01:01:01:01:29,01:01:01:01:01:2a,01:01:01:01:01:2b,01:01:01:01:01:2c}
 45 | {01:01:01:01:01:23,01:01:01:01:01:24,01:01:01:01:01:25,01:01:01:01:01:26,01:01:01:01:01:27,01:01:01:01:01:28,01:01:01:01:01:29,01:01:01:01:01:2a,01:01:01:01:01:2b,01:01:01:01:01:2c,01:01:01:01:01:2d}
 46 | {01:01:01:01:01:24,01:01:01:01:01:25,01:01:01:01:01:26,01:01:01:01:01:27,01:01:01:01:01:28,01:01:01:01:01:29,01:01:01:01:01:2a,01:01:01:01:01:2b,01:01:01:01:01:2c,01:01:01:01:01:2d,01:01:01:01:01:2e}
 47 | {01:01:01:01:01:25,01:01:01:01:01:26,01:01:01:01:01:27,01:01:01:01:01:28,01:01:01:01:01:29,01:01:01:01:01:2a,01:01:01:01:01:2b,01:01:01:01:01:2c,01:01:01:01:01:2d,01:01:01:01:01:2e,01:01:01:01:01:2f}
 48 | {01:01:01:01:01:26,01:01:01:01:01:27,01:01:01:01:01:28,01:01:01:01:01:29,01:01:01:01:01:2a,01:01:01:01:01:2b,01:01:01:01:01:2c,01:01:01:01:01:2d,01:01:01:01:01:2e,01:01:01:01:01:2f,01:01:01:01:01:30}
 49 | {01:01:01:01:01:27,01:01:01:01:01:28,01:01:01:01:01:29,01:01:01:01:01:2a,01:01:01:01:01:2b,01:01:01:01:01:2c,01:01:01:01:01:2d,01:01:01:01:01:2e,01:01:01:01:01:2f,01:01:01:01:01:30,01:01:01:01:01:31}
 50 | {01:01:01:01:01:28,01:01:01:01:01:29,01:01:01:01:01:2a,01:01:01:01:01:2b,01:01:01:01:01:2c,01:01:01:01:01:2d,01:01:01:01:01:2e,01:01:01:01:01:2f,01:01:01:01:01:30,01:01:01:01:01:31,01:01:01:01:01:32}
 51 | {01:01:01:01:01:29,01:01:01:01:01:2a,01:01:01:01:01:2b,01:01:01:01:01:2c,01:01:01:01:01:2d,01:01:01:01:01:2e,01:01:01:01:01:2f,01:01:01:01:01:30,01:01:01:01:01:31,01:01:01:01:01:32,01:01:01:01:01:33}
 52 | {01:01:01:01:01:2a,01:01:01:01:01:2b,01:01:01:01:01:2c,01:01:01:01:01:2d,01:01:01:01:01:2e,01:01:01:01:01:2f,01:01:01:01:01:30,01:01:01:01:01:31,01:01:01:01:01:32,01:01:01:01:01:33,01:01:01:01:01:34}
 53 | {01:01:01:01:01:2b,01:01:01:01:01:2c,01:01:01:01:01:2d,01:01:01:01:01:2e,01:01:01:01:01:2f,01:01:01:01:01:30,01:01:01:01:01:31,01:01:01:01:01:32,01:01:01:01:01:33,01:01:01:01:01:34,01:01:01:01:01:35}
 54 | {01:01:01:01:01:2c,01:01:01:01:01:2d,01:01:01:01:01:2e,01:01:01:01:01:2f,01:01:01:01:01:30,01:01:01:01:01:31,01:01:01:01:01:32,01:01:01:01:01:33,01:01:01:01:01:34,01:01:01:01:01:35,01:01:01:01:01:36}
 55 | {01:01:01:01:01:2d,01:01:01:01:01:2e,01:01:01:01:01:2f,01:01:01:01:01:30,01:01:01:01:01:31,01:01:01:01:01:32,01:01:01:01:01:33,01:01:01:01:01:34,01:01:01:01:01:35,01:01:01:01:01:36,01:01:01:01:01:37}
 56 | {01:01:01:01:01:2e,01:01:01:01:01:2f,01:01:01:01:01:30,01:01:01:01:01:31,01:01:01:01:01:32,01:01:01:01:01:33,01:01:01:01:01:34,01:01:01:01:01:35,01:01:01:01:01:36,01:01:01:01:01:37,01:01:01:01:01:38}
 57 | {01:01:01:01:01:2f,01:01:01:01:01:30,01:01:01:01:01:31,01:01:01:01:01:32,01:01:01:01:01:33,01:01:01:01:01:34,01:01:01:01:01:35,01:01:01:01:01:36,01:01:01:01:01:37,01:01:01:01:01:38,01:01:01:01:01:39}
 58 | {01:01:01:01:01:30,01:01:01:01:01:31,01:01:01:01:01:32,01:01:01:01:01:33,01:01:01:01:01:34,01:01:01:01:01:35,01:01:01:01:01:36,01:01:01:01:01:37,01:01:01:01:01:38,01:01:01:01:01:39,01:01:01:01:01:3a}
 59 | {01:01:01:01:01:31,01:01:01:01:01:32,01:01:01:01:01:33,01:01:01:01:01:34,01:01:01:01:01:35,01:01:01:01:01:36,01:01:01:01:01:37,01:01:01:01:01:38,01:01:01:01:01:39,01:01:01:01:01:3a,01:01:01:01:01:3b}
 60 | {01:01:01:01:01:32,01:01:01:01:01:33,01:01:01:01:01:34,01:01:01:01:01:35,01:01:01:01:01:36,01:01:01:01:01:37,01:01:01:01:01:38,01:01:01:01:01:39,01:01:01:01:01:3a,01:01:01:01:01:3b,01:01:01:01:01:3c}
(18 rows)

SELECT t, v FROM test_macaddr WHERE v @> to_macp_array('{43,50}')::macaddr[] ORDER BY t;
 t  |                                                                                                    v                                                                                                    
----+---------------------------------------------------------------------------------------------------------------------------------------------------------------------------------------------------------
 50 | {01:01:01:01:01:28,01:01:01:01:01:29,01:01:01:01:01:2a,01:01:01:01:01:2b,01:01:01:01:01:2c,01:01:01:01:01:2d,01:01:01:01:01:2e,01:01:01:01:01:2f,01:01:01:01:01:30,01:01:01:01:01:31,01:01:01:01:01:32}
 51 | {01:01:01:01:01:29,01:01:01:01:01:2a,01:01:01:01:01:2b,01:01:01:01:01:2c,01:01:01:01:01:2d,01:01:01:01:01:2e,01:01:01:01:01:2f,01:01:01:01:01:30,01:01:01:01:01:31,01:01:01:01:01:32,01:01:01:01:01:33}
 52 | {01:01:01:01:01:2a,01:01:01:01:01:2b,01:01:01:01:01:2c,01:01:01:01:01:2d,01:01:01:01:01:2e,01:01:01:01:01:2f,01:01:01:01:01:30,01:01:01:01:01:31,01:01:01:01:01:32,01:01:01:01:01:33,01:01:01:01:01:34}
 53 | {01:01:01:01:01:2b,01:01:01:01:01:2c,01:01:01:01:01:2d,01:01:01:01:01:2e,01:01:01:01:01:2f,01:01:01:01:01:30,01:01:01:01:01:31,01:01:01:01:01:32,01:01:01:01:01:33,01:01:01:01:01:34,01:01:01:01:01:35}
(4 rows)

SELECT t, v FROM test_macaddr WHERE v <@ to_macp_array('{0,1,2,3,4,5,6,7,8,9,10}')::macaddr[] ORDER BY t;
 t  |                                                                                                    v                                                                                                    
----+---------------------------------------------------------------------------------------------------------------------------------------------------------------------------------------------------------
  1 | {01:01:01:01:01:00,01:01:01:01:01:01}
  2 | {01:01:01:01:01:00,01:01:01:01:01:01,01:01:01:01:01:02}
  3 | {01:01:01:01:01:00,01:01:01:01:01:01,01:01:01:01:01:02,01:01:01:01:01:03}
  4 | {01:01:01:01:01:00,01:01:01:01:01:01,01:01:01:01:01:02,01:01:01:01:01:03,01:01:01:01:01:04}
  5 | {01:01:01:01:01:00,01:01:01:01:01:01,01:01:01:01:01:02,01:01:01:01:01:03,01:01:01:01:01:04,01:01:01:01:01:05}
  6 | {01:01:01:01:01:00,01:01:01:01:01:01,01:01:01:01:01:02,01:01:01:01:01:03,01:01:01:01:01:04,01:01:01:01:01:05,01:01:01:01:01:06}
  7 | {01:01:01:01:01:00,01:01:01:01:01:01,01:01:01:01:01:02,01:01:01:01:01:03,01:01:01:01:01:04,01:01:01:01:01:05,01:01:01:01:01:06,01:01:01:01:01:07}
  8 | {01:01:01:01:01:00,01:01:01:01:01:01,01:01:01:01:01:02,01:01:01:01:01:03,01:01:01:01:01:04,01:01:01:01:01:05,01:01:01:01:01:06,01:01:01:01:01:07,01:01:01:01:01:08}
  9 | {01:01:01:01:01:00,01:01:01:01:01:01,01:01:01:01:01:02,01:01:01:01:01:03,01:01:01:01:01:04,01:01:01:01:01:05,01:01:01:01:01:06,01:01:01:01:01:07,01:01:01:01:01:08,01:01:01:01:01:09}
 10 | {01:01:01:01:01:00,01:01:01:01:01:01,01:01:01:01:01:02,01:01:01:01:01:03,01:01:01:01:01:04,01:01:01:01:01:05,01:01:01:01:01:06,01:01:01:01:01:07,01:01:01:01:01:08,01:01:01:01:01:09,01:01:01:01:01:0a}
(10 rows)

SELECT t, v FROM test_macaddr WHERE v =  to_macp_array('{0,1,2,3,4,5,6,7,8,9,10}')::macaddr[] ORDER BY t;
 t  |                                                                                                    v                                                                                                    
----+---------------------------------------------------------------------------------------------------------------------------------------------------------------------------------------------------------
 10 | {01:01:01:01:01:00,01:01:01:01:01:01,01:01:01:01:01:02,01:01:01:01:01:03,01:01:01:01:01:04,01:01:01:01:01:05,01:01:01:01:01:06,01:01:01:01:01:07,01:01:01:01:01:08,01:01:01:01:01:09,01:01:01:01:01:0a}
(1 row)

SET anyarray.similarity_type=cosine;
SELECT t, v FROM test_macaddr WHERE v %  to_macp_array('{0,1,2,3,4,5,6,7,8,9,10}')::macaddr[] ORDER BY t;
 t  |                                                                                                    v                                                                                                    
----+---------------------------------------------------------------------------------------------------------------------------------------------------------------------------------------------------------
  3 | {01:01:01:01:01:00,01:01:01:01:01:01,01:01:01:01:01:02,01:01:01:01:01:03}
  4 | {01:01:01:01:01:00,01:01:01:01:01:01,01:01:01:01:01:02,01:01:01:01:01:03,01:01:01:01:01:04}
  5 | {01:01:01:01:01:00,01:01:01:01:01:01,01:01:01:01:01:02,01:01:01:01:01:03,01:01:01:01:01:04,01:01:01:01:01:05}
  6 | {01:01:01:01:01:00,01:01:01:01:01:01,01:01:01:01:01:02,01:01:01:01:01:03,01:01:01:01:01:04,01:01:01:01:01:05,01:01:01:01:01:06}
  7 | {01:01:01:01:01:00,01:01:01:01:01:01,01:01:01:01:01:02,01:01:01:01:01:03,01:01:01:01:01:04,01:01:01:01:01:05,01:01:01:01:01:06,01:01:01:01:01:07}
  8 | {01:01:01:01:01:00,01:01:01:01:01:01,01:01:01:01:01:02,01:01:01:01:01:03,01:01:01:01:01:04,01:01:01:01:01:05,01:01:01:01:01:06,01:01:01:01:01:07,01:01:01:01:01:08}
  9 | {01:01:01:01:01:00,01:01:01:01:01:01,01:01:01:01:01:02,01:01:01:01:01:03,01:01:01:01:01:04,01:01:01:01:01:05,01:01:01:01:01:06,01:01:01:01:01:07,01:01:01:01:01:08,01:01:01:01:01:09}
 10 | {01:01:01:01:01:00,01:01:01:01:01:01,01:01:01:01:01:02,01:01:01:01:01:03,01:01:01:01:01:04,01:01:01:01:01:05,01:01:01:01:01:06,01:01:01:01:01:07,01:01:01:01:01:08,01:01:01:01:01:09,01:01:01:01:01:0a}
 11 | {01:01:01:01:01:01,01:01:01:01:01:02,01:01:01:01:01:03,01:01:01:01:01:04,01:01:01:01:01:05,01:01:01:01:01:06,01:01:01:01:01:07,01:01:01:01:01:08,01:01:01:01:01:09,01:01:01:01:01:0a,01:01:01:01:01:0b}
 12 | {01:01:01:01:01:02,01:01:01:01:01:03,01:01:01:01:01:04,01:01:01:01:01:05,01:01:01:01:01:06,01:01:01:01:01:07,01:01:01:01:01:08,01:01:01:01:01:09,01:01:01:01:01:0a,01:01:01:01:01:0b,01:01:01:01:01:0c}
 13 | {01:01:01:01:01:03,01:01:01:01:01:04,01:01:01:01:01:05,01:01:01:01:01:06,01:01:01:01:01:07,01:01:01:01:01:08,01:01:01:01:01:09,01:01:01:01:01:0a,01:01:01:01:01:0b,01:01:01:01:01:0c,01:01:01:01:01:0d}
 14 | {01:01:01:01:01:04,01:01:01:01:01:05,01:01:01:01:01:06,01:01:01:01:01:07,01:01:01:01:01:08,01:01:01:01:01:09,01:01:01:01:01:0a,01:01:01:01:01:0b,01:01:01:01:01:0c,01:01:01:01:01:0d,01:01:01:01:01:0e}
(12 rows)

SET anyarray.similarity_type=jaccard;
SELECT t, v FROM test_macaddr WHERE v %  to_macp_array('{0,1,2,3,4,5,6,7,8,9,10}')::macaddr[] ORDER BY t;
 t  |                                                                                                    v                                                                                                    
----+---------------------------------------------------------------------------------------------------------------------------------------------------------------------------------------------------------
  6 | {01:01:01:01:01:00,01:01:01:01:01:01,01:01:01:01:01:02,01:01:01:01:01:03,01:01:01:01:01:04,01:01:01:01:01:05,01:01:01:01:01:06}
  7 | {01:01:01:01:01:00,01:01:01:01:01:01,01:01:01:01:01:02,01:01:01:01:01:03,01:01:01:01:01:04,01:01:01:01:01:05,01:01:01:01:01:06,01:01:01:01:01:07}
  8 | {01:01:01:01:01:00,01:01:01:01:01:01,01:01:01:01:01:02,01:01:01:01:01:03,01:01:01:01:01:04,01:01:01:01:01:05,01:01:01:01:01:06,01:01:01:01:01:07,01:01:01:01:01:08}
  9 | {01:01:01:01:01:00,01:01:01:01:01:01,01:01:01:01:01:02,01:01:01:01:01:03,01:01:01:01:01:04,01:01:01:01:01:05,01:01:01:01:01:06,01:01:01:01:01:07,01:01:01:01:01:08,01:01:01:01:01:09}
 10 | {01:01:01:01:01:00,01:01:01:01:01:01,01:01:01:01:01:02,01:01:01:01:01:03,01:01:01:01:01:04,01:01:01:01:01:05,01:01:01:01:01:06,01:01:01:01:01:07,01:01:01:01:01:08,01:01:01:01:01:09,01:01:01:01:01:0a}
 11 | {01:01:01:01:01:01,01:01:01:01:01:02,01:01:01:01:01:03,01:01:01:01:01:04,01:01:01:01:01:05,01:01:01:01:01:06,01:01:01:01:01:07,01:01:01:01:01:08,01:01:01:01:01:09,01:01:01:01:01:0a,01:01:01:01:01:0b}
 12 | {01:01:01:01:01:02,01:01:01:01:01:03,01:01:01:01:01:04,01:01:01:01:01:05,01:01:01:01:01:06,01:01:01:01:01:07,01:01:01:01:01:08,01:01:01:01:01:09,01:01:01:01:01:0a,01:01:01:01:01:0b,01:01:01:01:01:0c}
(7 rows)

SET anyarray.similarity_type=overlap;
SET anyarray.similarity_threshold = 3;
SELECT t, v FROM test_macaddr WHERE v %  to_macp_array('{0,1,2,3,4,5,6,7,8,9,10}')::macaddr[] ORDER BY t;
 t  |                                                                                                    v                                                                                                    
----+---------------------------------------------------------------------------------------------------------------------------------------------------------------------------------------------------------
  2 | {01:01:01:01:01:00,01:01:01:01:01:01,01:01:01:01:01:02}
  3 | {01:01:01:01:01:00,01:01:01:01:01:01,01:01:01:01:01:02,01:01:01:01:01:03}
  4 | {01:01:01:01:01:00,01:01:01:01:01:01,01:01:01:01:01:02,01:01:01:01:01:03,01:01:01:01:01:04}
  5 | {01:01:01:01:01:00,01:01:01:01:01:01,01:01:01:01:01:02,01:01:01:01:01:03,01:01:01:01:01:04,01:01:01:01:01:05}
  6 | {01:01:01:01:01:00,01:01:01:01:01:01,01:01:01:01:01:02,01:01:01:01:01:03,01:01:01:01:01:04,01:01:01:01:01:05,01:01:01:01:01:06}
  7 | {01:01:01:01:01:00,01:01:01:01:01:01,01:01:01:01:01:02,01:01:01:01:01:03,01:01:01:01:01:04,01:01:01:01:01:05,01:01:01:01:01:06,01:01:01:01:01:07}
  8 | {01:01:01:01:01:00,01:01:01:01:01:01,01:01:01:01:01:02,01:01:01:01:01:03,01:01:01:01:01:04,01:01:01:01:01:05,01:01:01:01:01:06,01:01:01:01:01:07,01:01:01:01:01:08}
  9 | {01:01:01:01:01:00,01:01:01:01:01:01,01:01:01:01:01:02,01:01:01:01:01:03,01:01:01:01:01:04,01:01:01:01:01:05,01:01:01:01:01:06,01:01:01:01:01:07,01:01:01:01:01:08,01:01:01:01:01:09}
 10 | {01:01:01:01:01:00,01:01:01:01:01:01,01:01:01:01:01:02,01:01:01:01:01:03,01:01:01:01:01:04,01:01:01:01:01:05,01:01:01:01:01:06,01:01:01:01:01:07,01:01:01:01:01:08,01:01:01:01:01:09,01:01:01:01:01:0a}
 11 | {01:01:01:01:01:01,01:01:01:01:01:02,01:01:01:01:01:03,01:01:01:01:01:04,01:01:01:01:01:05,01:01:01:01:01:06,01:01:01:01:01:07,01:01:01:01:01:08,01:01:01:01:01:09,01:01:01:01:01:0a,01:01:01:01:01:0b}
 12 | {01:01:01:01:01:02,01:01:01:01:01:03,01:01:01:01:01:04,01:01:01:01:01:05,01:01:01:01:01:06,01:01:01:01:01:07,01:01:01:01:01:08,01:01:01:01:01:09,01:01:01:01:01:0a,01:01:01:01:01:0b,01:01:01:01:01:0c}
 13 | {01:01:01:01:01:03,01:01:01:01:01:04,01:01:01:01:01:05,01:01:01:01:01:06,01:01:01:01:01:07,01:01:01:01:01:08,01:01:01:01:01:09,01:01:01:01:01:0a,01:01:01:01:01:0b,01:01:01:01:01:0c,01:01:01:01:01:0d}
 14 | {01:01:01:01:01:04,01:01:01:01:01:05,01:01:01:01:01:06,01:01:01:01:01:07,01:01:01:01:01:08,01:01:01:01:01:09,01:01:01:01:01:0a,01:01:01:01:01:0b,01:01:01:01:01:0c,01:01:01:01:01:0d,01:01:01:01:01:0e}
 15 | {01:01:01:01:01:05,01:01:01:01:01:06,01:01:01:01:01:07,01:01:01:01:01:08,01:01:01:01:01:09,01:01:01:01:01:0a,01:01:01:01:01:0b,01:01:01:01:01:0c,01:01:01:01:01:0d,01:01:01:01:01:0e,01:01:01:01:01:0f}
 16 | {01:01:01:01:01:06,01:01:01:01:01:07,01:01:01:01:01:08,01:01:01:01:01:09,01:01:01:01:01:0a,01:01:01:01:01:0b,01:01:01:01:01:0c,01:01:01:01:01:0d,01:01:01:01:01:0e,01:01:01:01:01:0f,01:01:01:01:01:10}
 17 | {01:01:01:01:01:07,01:01:01:01:01:08,01:01:01:01:01:09,01:01:01:01:01:0a,01:01:01:01:01:0b,01:01:01:01:01:0c,01:01:01:01:01:0d,01:01:01:01:01:0e,01:01:01:01:01:0f,01:01:01:01:01:10,01:01:01:01:01:11}
 18 | {01:01:01:01:01:08,01:01:01:01:01:09,01:01:01:01:01:0a,01:01:01:01:01:0b,01:01:01:01:01:0c,01:01:01:01:01:0d,01:01:01:01:01:0e,01:01:01:01:01:0f,01:01:01:01:01:10,01:01:01:01:01:11,01:01:01:01:01:12}
(17 rows)

RESET anyarray.similarity_threshold;
CREATE INDEX idx_test_macaddr ON test_macaddr USING gist (v _macaddr_aa_ops);
SET enable_seqscan=off;
EXPLAIN (COSTS OFF) SELECT t, v FROM test_macaddr WHERE v && to_macp_array('{43,50}')::macaddr[] ORDER BY t;
                                     QUERY PLAN                                      
-------------------------------------------------------------------------------------
 Sort
   Sort Key: t
   ->  Bitmap Heap Scan on test_macaddr
         Recheck Cond: (v && '{01:01:01:01:01:2b,01:01:01:01:01:32}'::macaddr[])
         ->  Bitmap Index Scan on idx_test_macaddr
               Index Cond: (v && '{01:01:01:01:01:2b,01:01:01:01:01:32}'::macaddr[])
(6 rows)

EXPLAIN (COSTS OFF) SELECT t, v FROM test_macaddr WHERE v @> to_macp_array('{43,50}')::macaddr[] ORDER BY t;
                                  QUERY PLAN                                   
-------------------------------------------------------------------------------
 Sort
   Sort Key: t
   ->  Index Scan using idx_test_macaddr on test_macaddr
         Index Cond: (v @> '{01:01:01:01:01:2b,01:01:01:01:01:32}'::macaddr[])
(4 rows)

EXPLAIN (COSTS OFF) SELECT t, v FROM test_macaddr WHERE v <@ to_macp_array('{0,1,2,3,4,5,6,7,8,9,10}')::macaddr[] ORDER BY t;
                                                                                                                   QUERY PLAN                                                                                                                    
-------------------------------------------------------------------------------------------------------------------------------------------------------------------------------------------------------------------------------------------------
 Sort
   Sort Key: t
   ->  Index Scan using idx_test_macaddr on test_macaddr
         Index Cond: (v <@ '{01:01:01:01:01:00,01:01:01:01:01:01,01:01:01:01:01:02,01:01:01:01:01:03,01:01:01:01:01:04,01:01:01:01:01:05,01:01:01:01:01:06,01:01:01:01:01:07,01:01:01:01:01:08,01:01:01:01:01:09,01:01:01:01:01:0a}'::macaddr[])
(4 rows)

EXPLAIN (COSTS OFF) SELECT t, v FROM test_macaddr WHERE v =  to_macp_array('{0,1,2,3,4,5,6,7,8,9,10}')::macaddr[] ORDER BY t;
                                                                                                                   QUERY PLAN                                                                                                                   
------------------------------------------------------------------------------------------------------------------------------------------------------------------------------------------------------------------------------------------------
 Sort
   Sort Key: t
   ->  Index Scan using idx_test_macaddr on test_macaddr
         Index Cond: (v = '{01:01:01:01:01:00,01:01:01:01:01:01,01:01:01:01:01:02,01:01:01:01:01:03,01:01:01:01:01:04,01:01:01:01:01:05,01:01:01:01:01:06,01:01:01:01:01:07,01:01:01:01:01:08,01:01:01:01:01:09,01:01:01:01:01:0a}'::macaddr[])
(4 rows)

EXPLAIN (COSTS OFF) SELECT t, v FROM test_macaddr WHERE v %  to_macp_array('{0,1,2,3,4,5,6,7,8,9,10}')::macaddr[] ORDER BY t;
                                                                                                                   QUERY PLAN                                                                                                                   
------------------------------------------------------------------------------------------------------------------------------------------------------------------------------------------------------------------------------------------------
 Sort
   Sort Key: t
   ->  Index Scan using idx_test_macaddr on test_macaddr
         Index Cond: (v % '{01:01:01:01:01:00,01:01:01:01:01:01,01:01:01:01:01:02,01:01:01:01:01:03,01:01:01:01:01:04,01:01:01:01:01:05,01:01:01:01:01:06,01:01:01:01:01:07,01:01:01:01:01:08,01:01:01:01:01:09,01:01:01:01:01:0a}'::macaddr[])
(4 rows)

SELECT t, v FROM test_macaddr WHERE v && to_macp_array('{43,50}')::macaddr[] ORDER BY t;
 t  |                                                                                                    v                                                                                                    
----+---------------------------------------------------------------------------------------------------------------------------------------------------------------------------------------------------------
 43 | {01:01:01:01:01:21,01:01:01:01:01:22,01:01:01:01:01:23,01:01:01:01:01:24,01:01:01:01:01:25,01:01:01:01:01:26,01:01:01:01:01:27,01:01:01:01:01:28,01:01:01:01:01:29,01:01:01:01:01:2a,01:01:01:01:01:2b}
 44 | {01:01:01:01:01:22,01:01:01:01:01:23,01:01:01:01:01:24,01:01:01:01:01:25,01:01:01:01:01:26,01:01:01:01:01:27,01:01:01:01:01:28,01:01:01:01:01:29,01:01:01:01:01:2a,01:01:01:01:01:2b,01:01:01:01:01:2c}
 45 | {01:01:01:01:01:23,01:01:01:01:01:24,01:01:01:01:01:25,01:01:01:01:01:26,01:01:01:01:01:27,01:01:01:01:01:28,01:01:01:01:01:29,01:01:01:01:01:2a,01:01:01:01:01:2b,01:01:01:01:01:2c,01:01:01:01:01:2d}
 46 | {01:01:01:01:01:24,01:01:01:01:01:25,01:01:01:01:01:26,01:01:01:01:01:27,01:01:01:01:01:28,01:01:01:01:01:29,01:01:01:01:01:2a,01:01:01:01:01:2b,01:01:01:01:01:2c,01:01:01:01:01:2d,01:01:01:01:01:2e}
 47 | {01:01:01:01:01:25,01:01:01:01:01:26,01:01:01:01:01:27,01:01:01:01:01:28,01:01:01:01:01:29,01:01:01:01:01:2a,01:01:01:01:01:2b,01:01:01:01:01:2c,01:01:01:01:01:2d,01:01:01:01:01:2e,01:01:01:01:01:2f}
 48 | {01:01:01:01:01:26,01:01:01:01:01:27,01:01:01:01:01:28,01:01:01:01:01:29,01:01:01:01:01:2a,01:01:01:01:01:2b,01:01:01:01:01:2c,01:01:01:01:01:2d,01:01:01:01:01:2e,01:01:01:01:01:2f,01:01:01:01:01:30}
 49 | {01:01:01:01:01:27,01:01:01:01:01:28,01:01:01:01:01:29,01:01:01:01:01:2a,01:01:01:01:01:2b,01:01:01:01:01:2c,01:01:01:01:01:2d,01:01:01:01:01:2e,01:01:01:01:01:2f,01:01:01:01:01:30,01:01:01:01:01:31}
 50 | {01:01:01:01:01:28,01:01:01:01:01:29,01:01:01:01:01:2a,01:01:01:01:01:2b,01:01:01:01:01:2c,01:01:01:01:01:2d,01:01:01:01:01:2e,01:01:01:01:01:2f,01:01:01:01:01:30,01:01:01:01:01:31,01:01:01:01:01:32}
 51 | {01:01:01:01:01:29,01:01:01:01:01:2a,01:01:01:01:01:2b,01:01:01:01:01:2c,01:01:01:01:01:2d,01:01:01:01:01:2e,01:01:01:01:01:2f,01:01:01:01:01:30,01:01:01:01:01:31,01:01:01:01:01:32,01:01:01:01:01:33}
 52 | {01:01:01:01:01:2a,01:01:01:01:01:2b,01:01:01:01:01:2c,01:01:01:01:01:2d,01:01:01:01:01:2e,01:01:01:01:01:2f,01:01:01:01:01:30,01:01:01:01:01:31,01:01:01:01:01:32,01:01:01:01:01:33,01:01:01:01:01:34}
 53 | {01:01:01:01:01:2b,01:01:01:01:01:2c,01:01:01:01:01:2d,01:01:01:01:01:2e,01:01:01:01:01:2f,01:01:01:01:01:30,01:01:01:01:01:31,01:01:01:01:01:32,01:01:01:01:01:33,01:01:01:01:01:34,01:01:01:01:01:35}
 54 | {01:01:01:01:01:2c,01:01:01:01:01:2d,01:01:01:01:01:2e,01:01:01:01:01:2f,01:01:01:01:01:30,01:01:01:01:01:31,01:01:01:01:01:32,01:01:01:01:01:33,01:01:01:01:01:34,01:01:01:01:01:35,01:01:01:01:01:36}
 55 | {01:01:01:01:01:2d,01:01:01:01:01:2e,01:01:01:01:01:2f,01:01:01:01:01:30,01:01:01:01:01:31,01:01:01:01:01:32,01:01:01:01:01:33,01:01:01:01:01:34,01:01:01:01:01:35,01:01:01:01:01:36,01:01:01:01:01:37}
 56 | {01:01:01:01:01:2e,01:01:01:01:01:2f,01:01:01:01:01:30,01:01:01:01:01:31,01:01:01:01:01:32,01:01:01:01:01:33,01:01:01:01:01:34,01:01:01:01:01:35,01:01:01:01:01:36,01:01:01:01:01:37,01:01:01:01:01:38}
 57 | {01:01:01:01:01:2f,01:01:01:01:01:30,01:01:01:01:01:31,01:01:01:01:01:32,01:01:01:01:01:33,01:01:01:01:01:34,01:01:01:01:01:35,01:01:01:01:01:36,01:01:01:01:01:37,01:01:01:01:01:38,01:01:01:01:01:39}
 58 | {01:01:01:01:01:30,01:01:01:01:01:31,01:01:01:01:01:32,01:01:01:01:01:33,01:01:01:01:01:34,01:01:01:01:01:35,01:01:01:01:01:36,01:01:01:01:01:37,01:01:01:01:01:38,01:01:01:01:01:39,01:01:01:01:01:3a}
 59 | {01:01:01:01:01:31,01:01:01:01:01:32,01:01:01:01:01:33,01:01:01:01:01:34,01:01:01:01:01:35,01:01:01:01:01:36,01:01:01:01:01:37,01:01:01:01:01:38,01:01:01:01:01:39,01:01:01:01:01:3a,01:01:01:01:01:3b}
 60 | {01:01:01:01:01:32,01:01:01:01:01:33,01:01:01:01:01:34,01:01:01:01:01:35,01:01:01:01:01:36,01:01:01:01:01:37,01:01:01:01:01:38,01:01:01:01:01:39,01:01:01:01:01:3a,01:01:01:01:01:3b,01:01:01:01:01:3c}
(18 rows)

SELECT t, v FROM test_macaddr WHERE v @> to_macp_array('{43,50}')::macaddr[] ORDER BY t;
 t  |                                                                                                    v                                                                                                    
----+---------------------------------------------------------------------------------------------------------------------------------------------------------------------------------------------------------
 50 | {01:01:01:01:01:28,01:01:01:01:01:29,01:01:01:01:01:2a,01:01:01:01:01:2b,01:01:01:01:01:2c,01:01:01:01:01:2d,01:01:01:01:01:2e,01:01:01:01:01:2f,01:01:01:01:01:30,01:01:01:01:01:31,01:01:01:01:01:32}
 51 | {01:01:01:01:01:29,01:01:01:01:01:2a,01:01:01:01:01:2b,01:01:01:01:01:2c,01:01:01:01:01:2d,01:01:01:01:01:2e,01:01:01:01:01:2f,01:01:01:01:01:30,01:01:01:01:01:31,01:01:01:01:01:32,01:01:01:01:01:33}
 52 | {01:01:01:01:01:2a,01:01:01:01:01:2b,01:01:01:01:01:2c,01:01:01:01:01:2d,01:01:01:01:01:2e,01:01:01:01:01:2f,01:01:01:01:01:30,01:01:01:01:01:31,01:01:01:01:01:32,01:01:01:01:01:33,01:01:01:01:01:34}
 53 | {01:01:01:01:01:2b,01:01:01:01:01:2c,01:01:01:01:01:2d,01:01:01:01:01:2e,01:01:01:01:01:2f,01:01:01:01:01:30,01:01:01:01:01:31,01:01:01:01:01:32,01:01:01:01:01:33,01:01:01:01:01:34,01:01:01:01:01:35}
(4 rows)

SELECT t, v FROM test_macaddr WHERE v <@ to_macp_array('{0,1,2,3,4,5,6,7,8,9,10}')::macaddr[] ORDER BY t;
 t  |                                                                                                    v                                                                                                    
----+---------------------------------------------------------------------------------------------------------------------------------------------------------------------------------------------------------
  1 | {01:01:01:01:01:00,01:01:01:01:01:01}
  2 | {01:01:01:01:01:00,01:01:01:01:01:01,01:01:01:01:01:02}
  3 | {01:01:01:01:01:00,01:01:01:01:01:01,01:01:01:01:01:02,01:01:01:01:01:03}
  4 | {01:01:01:01:01:00,01:01:01:01:01:01,01:01:01:01:01:02,01:01:01:01:01:03,01:01:01:01:01:04}
  5 | {01:01:01:01:01:00,01:01:01:01:01:01,01:01:01:01:01:02,01:01:01:01:01:03,01:01:01:01:01:04,01:01:01:01:01:05}
  6 | {01:01:01:01:01:00,01:01:01:01:01:01,01:01:01:01:01:02,01:01:01:01:01:03,01:01:01:01:01:04,01:01:01:01:01:05,01:01:01:01:01:06}
  7 | {01:01:01:01:01:00,01:01:01:01:01:01,01:01:01:01:01:02,01:01:01:01:01:03,01:01:01:01:01:04,01:01:01:01:01:05,01:01:01:01:01:06,01:01:01:01:01:07}
  8 | {01:01:01:01:01:00,01:01:01:01:01:01,01:01:01:01:01:02,01:01:01:01:01:03,01:01:01:01:01:04,01:01:01:01:01:05,01:01:01:01:01:06,01:01:01:01:01:07,01:01:01:01:01:08}
  9 | {01:01:01:01:01:00,01:01:01:01:01:01,01:01:01:01:01:02,01:01:01:01:01:03,01:01:01:01:01:04,01:01:01:01:01:05,01:01:01:01:01:06,01:01:01:01:01:07,01:01:01:01:01:08,01:01:01:01:01:09}
 10 | {01:01:01:01:01:00,01:01:01:01:01:01,01:01:01:01:01:02,01:01:01:01:01:03,01:01:01:01:01:04,01:01:01:01:01:05,01:01:01:01:01:06,01:01:01:01:01:07,01:01:01:01:01:08,01:01:01:01:01:09,01:01:01:01:01:0a}
(10 rows)

SELECT t, v FROM test_macaddr WHERE v =  to_macp_array('{0,1,2,3,4,5,6,7,8,9,10}')::macaddr[] ORDER BY t;
 t  |                                                                                                    v                                                                                                    
----+---------------------------------------------------------------------------------------------------------------------------------------------------------------------------------------------------------
 10 | {01:01:01:01:01:00,01:01:01:01:01:01,01:01:01:01:01:02,01:01:01:01:01:03,01:01:01:01:01:04,01:01:01:01:01:05,01:01:01:01:01:06,01:01:01:01:01:07,01:01:01:01:01:08,01:01:01:01:01:09,01:01:01:01:01:0a}
(1 row)

SET anyarray.similarity_type=cosine;
SELECT t, v FROM test_macaddr WHERE v %  to_macp_array('{0,1,2,3,4,5,6,7,8,9,10}')::macaddr[] ORDER BY t;
 t  |                                                                                                    v                                                                                                    
----+---------------------------------------------------------------------------------------------------------------------------------------------------------------------------------------------------------
  3 | {01:01:01:01:01:00,01:01:01:01:01:01,01:01:01:01:01:02,01:01:01:01:01:03}
  4 | {01:01:01:01:01:00,01:01:01:01:01:01,01:01:01:01:01:02,01:01:01:01:01:03,01:01:01:01:01:04}
  5 | {01:01:01:01:01:00,01:01:01:01:01:01,01:01:01:01:01:02,01:01:01:01:01:03,01:01:01:01:01:04,01:01:01:01:01:05}
  6 | {01:01:01:01:01:00,01:01:01:01:01:01,01:01:01:01:01:02,01:01:01:01:01:03,01:01:01:01:01:04,01:01:01:01:01:05,01:01:01:01:01:06}
  7 | {01:01:01:01:01:00,01:01:01:01:01:01,01:01:01:01:01:02,01:01:01:01:01:03,01:01:01:01:01:04,01:01:01:01:01:05,01:01:01:01:01:06,01:01:01:01:01:07}
  8 | {01:01:01:01:01:00,01:01:01:01:01:01,01:01:01:01:01:02,01:01:01:01:01:03,01:01:01:01:01:04,01:01:01:01:01:05,01:01:01:01:01:06,01:01:01:01:01:07,01:01:01:01:01:08}
  9 | {01:01:01:01:01:00,01:01:01:01:01:01,01:01:01:01:01:02,01:01:01:01:01:03,01:01:01:01:01:04,01:01:01:01:01:05,01:01:01:01:01:06,01:01:01:01:01:07,01:01:01:01:01:08,01:01:01:01:01:09}
 10 | {01:01:01:01:01:00,01:01:01:01:01:01,01:01:01:01:01:02,01:01:01:01:01:03,01:01:01:01:01:04,01:01:01:01:01:05,01:01:01:01:01:06,01:01:01:01:01:07,01:01:01:01:01:08,01:01:01:01:01:09,01:01:01:01:01:0a}
 11 | {01:01:01:01:01:01,01:01:01:01:01:02,01:01:01:01:01:03,01:01:01:01:01:04,01:01:01:01:01:05,01:01:01:01:01:06,01:01:01:01:01:07,01:01:01:01:01:08,01:01:01:01:01:09,01:01:01:01:01:0a,01:01:01:01:01:0b}
 12 | {01:01:01:01:01:02,01:01:01:01:01:03,01:01:01:01:01:04,01:01:01:01:01:05,01:01:01:01:01:06,01:01:01:01:01:07,01:01:01:01:01:08,01:01:01:01:01:09,01:01:01:01:01:0a,01:01:01:01:01:0b,01:01:01:01:01:0c}
 13 | {01:01:01:01:01:03,01:01:01:01:01:04,01:01:01:01:01:05,01:01:01:01:01:06,01:01:01:01:01:07,01:01:01:01:01:08,01:01:01:01:01:09,01:01:01:01:01:0a,01:01:01:01:01:0b,01:01:01:01:01:0c,01:01:01:01:01:0d}
 14 | {01:01:01:01:01:04,01:01:01:01:01:05,01:01:01:01:01:06,01:01:01:01:01:07,01:01:01:01:01:08,01:01:01:01:01:09,01:01:01:01:01:0a,01:01:01:01:01:0b,01:01:01:01:01:0c,01:01:01:01:01:0d,01:01:01:01:01:0e}
(12 rows)

SET anyarray.similarity_type=jaccard;
SELECT t, v FROM test_macaddr WHERE v %  to_macp_array('{0,1,2,3,4,5,6,7,8,9,10}')::macaddr[] ORDER BY t;
 t  |                                                                                                    v                                                                                                    
----+---------------------------------------------------------------------------------------------------------------------------------------------------------------------------------------------------------
  6 | {01:01:01:01:01:00,01:01:01:01:01:01,01:01:01:01:01:02,01:01:01:01:01:03,01:01:01:01:01:04,01:01:01:01:01:05,01:01:01:01:01:06}
  7 | {01:01:01:01:01:00,01:01:01:01:01:01,01:01:01:01:01:02,01:01:01:01:01:03,01:01:01:01:01:04,01:01:01:01:01:05,01:01:01:01:01:06,01:01:01:01:01:07}
  8 | {01:01:01:01:01:00,01:01:01:01:01:01,01:01:01:01:01:02,01:01:01:01:01:03,01:01:01:01:01:04,01:01:01:01:01:05,01:01:01:01:01:06,01:01:01:01:01:07,01:01:01:01:01:08}
  9 | {01:01:01:01:01:00,01:01:01:01:01:01,01:01:01:01:01:02,01:01:01:01:01:03,01:01:01:01:01:04,01:01:01:01:01:05,01:01:01:01:01:06,01:01:01:01:01:07,01:01:01:01:01:08,01:01:01:01:01:09}
 10 | {01:01:01:01:01:00,01:01:01:01:01:01,01:01:01:01:01:02,01:01:01:01:01:03,01:01:01:01:01:04,01:01:01:01:01:05,01:01:01:01:01:06,01:01:01:01:01:07,01:01:01:01:01:08,01:01:01:01:01:09,01:01:01:01:01:0a}
 11 | {01:01:01:01:01:01,01:01:01:01:01:02,01:01:01:01:01:03,01:01:01:01:01:04,01:01:01:01:01:05,01:01:01:01:01:06,01:01:01:01:01:07,01:01:01:01:01:08,01:01:01:01:01:09,01:01:01:01:01:0a,01:01:01:01:01:0b}
 12 | {01:01:01:01:01:02,01:01:01:01:01:03,01:01:01:01:01:04,01:01:01:01:01:05,01:01:01:01:01:06,01:01:01:01:01:07,01:01:01:01:01:08,01:01:01:01:01:09,01:01:01:01:01:0a,01:01:01:01:01:0b,01:01:01:01:01:0c}
(7 rows)

SET anyarray.similarity_type=overlap;
SET anyarray.similarity_threshold = 3;
SELECT t, v FROM test_macaddr WHERE v %  to_macp_array('{0,1,2,3,4,5,6,7,8,9,10}')::macaddr[] ORDER BY t;
 t  |                                                                                                    v                                                                                                    
----+---------------------------------------------------------------------------------------------------------------------------------------------------------------------------------------------------------
  2 | {01:01:01:01:01:00,01:01:01:01:01:01,01:01:01:01:01:02}
  3 | {01:01:01:01:01:00,01:01:01:01:01:01,01:01:01:01:01:02,01:01:01:01:01:03}
  4 | {01:01:01:01:01:00,01:01:01:01:01:01,01:01:01:01:01:02,01:01:01:01:01:03,01:01:01:01:01:04}
  5 | {01:01:01:01:01:00,01:01:01:01:01:01,01:01:01:01:01:02,01:01:01:01:01:03,01:01:01:01:01:04,01:01:01:01:01:05}
  6 | {01:01:01:01:01:00,01:01:01:01:01:01,01:01:01:01:01:02,01:01:01:01:01:03,01:01:01:01:01:04,01:01:01:01:01:05,01:01:01:01:01:06}
  7 | {01:01:01:01:01:00,01:01:01:01:01:01,01:01:01:01:01:02,01:01:01:01:01:03,01:01:01:01:01:04,01:01:01:01:01:05,01:01:01:01:01:06,01:01:01:01:01:07}
  8 | {01:01:01:01:01:00,01:01:01:01:01:01,01:01:01:01:01:02,01:01:01:01:01:03,01:01:01:01:01:04,01:01:01:01:01:05,01:01:01:01:01:06,01:01:01:01:01:07,01:01:01:01:01:08}
  9 | {01:01:01:01:01:00,01:01:01:01:01:01,01:01:01:01:01:02,01:01:01:01:01:03,01:01:01:01:01:04,01:01:01:01:01:05,01:01:01:01:01:06,01:01:01:01:01:07,01:01:01:01:01:08,01:01:01:01:01:09}
 10 | {01:01:01:01:01:00,01:01:01:01:01:01,01:01:01:01:01:02,01:01:01:01:01:03,01:01:01:01:01:04,01:01:01:01:01:05,01:01:01:01:01:06,01:01:01:01:01:07,01:01:01:01:01:08,01:01:01:01:01:09,01:01:01:01:01:0a}
 11 | {01:01:01:01:01:01,01:01:01:01:01:02,01:01:01:01:01:03,01:01:01:01:01:04,01:01:01:01:01:05,01:01:01:01:01:06,01:01:01:01:01:07,01:01:01:01:01:08,01:01:01:01:01:09,01:01:01:01:01:0a,01:01:01:01:01:0b}
 12 | {01:01:01:01:01:02,01:01:01:01:01:03,01:01:01:01:01:04,01:01:01:01:01:05,01:01:01:01:01:06,01:01:01:01:01:07,01:01:01:01:01:08,01:01:01:01:01:09,01:01:01:01:01:0a,01:01:01:01:01:0b,01:01:01:01:01:0c}
 13 | {01:01:01:01:01:03,01:01:01:01:01:04,01:01:01:01:01:05,01:01:01:01:01:06,01:01:01:01:01:07,01:01:01:01:01:08,01:01:01:01:01:09,01:01:01:01:01:0a,01:01:01:01:01:0b,01:01:01:01:01:0c,01:01:01:01:01:0d}
 14 | {01:01:01:01:01:04,01:01:01:01:01:05,01:01:01:01:01:06,01:01:01:01:01:07,01:01:01:01:01:08,01:01:01:01:01:09,01:01:01:01:01:0a,01:01:01:01:01:0b,01:01:01:01:01:0c,01:01:01:01:01:0d,01:01:01:01:01:0e}
 15 | {01:01:01:01:01:05,01:01:01:01:01:06,01:01:01:01:01:07,01:01:01:01:01:08,01:01:01:01:01:09,01:01:01:01:01:0a,01:01:01:01:01:0b,01:01:01:01:01:0c,01:01:01:01:01:0d,01:01:01:01:01:0e,01:01:01:01:01:0f}
 16 | {01:01:01:01:01:06,01:01:01:01:01:07,01:01:01:01:01:08,01:01:01:01:01:09,01:01:01:01:01:0a,01:01:01:01:01:0b,01:01:01:01:01:0c,01:01:01:01:01:0d,01:01:01:01:01:0e,01:01:01:01:01:0f,01:01:01:01:01:10}
 17 | {01:01:01:01:01:07,01:01:01:01:01:08,01:01:01:01:01:09,01:01:01:01:01:0a,01:01:01:01:01:0b,01:01:01:01:01:0c,01:01:01:01:01:0d,01:01:01:01:01:0e,01:01:01:01:01:0f,01:01:01:01:01:10,01:01:01:01:01:11}
 18 | {01:01:01:01:01:08,01:01:01:01:01:09,01:01:01:01:01:0a,01:01:01:01:01:0b,01:01:01:01:01:0c,01:01:01:01:01:0d,01:01:01:01:01:0e,01:01:01:01:01:0f,01:01:01:01:01:10,01:01:01:01:01:11,01:01:01:01:01:12}
(17 rows)

RESET anyarray.similarity_threshold;
DROP INDEX idx_test_macaddr;
CREATE INDEX idx_test_macaddr ON test_macaddr USING gin (v _macaddr_aa_ops);
SET enable_seqscan=off;
EXPLAIN (COSTS OFF) SELECT t, v FROM test_macaddr WHERE v && to_macp_array('{43,50}')::macaddr[] ORDER BY t;
                                     QUERY PLAN                                      
-------------------------------------------------------------------------------------
 Sort
   Sort Key: t
   ->  Bitmap Heap Scan on test_macaddr
         Recheck Cond: (v && '{01:01:01:01:01:2b,01:01:01:01:01:32}'::macaddr[])
         ->  Bitmap Index Scan on idx_test_macaddr
               Index Cond: (v && '{01:01:01:01:01:2b,01:01:01:01:01:32}'::macaddr[])
(6 rows)

EXPLAIN (COSTS OFF) SELECT t, v FROM test_macaddr WHERE v @> to_macp_array('{43,50}')::macaddr[] ORDER BY t;
                                     QUERY PLAN                                      
-------------------------------------------------------------------------------------
 Sort
   Sort Key: t
   ->  Bitmap Heap Scan on test_macaddr
         Recheck Cond: (v @> '{01:01:01:01:01:2b,01:01:01:01:01:32}'::macaddr[])
         ->  Bitmap Index Scan on idx_test_macaddr
               Index Cond: (v @> '{01:01:01:01:01:2b,01:01:01:01:01:32}'::macaddr[])
(6 rows)

EXPLAIN (COSTS OFF) SELECT t, v FROM test_macaddr WHERE v <@ to_macp_array('{0,1,2,3,4,5,6,7,8,9,10}')::macaddr[] ORDER BY t;
                                                                                                                      QUERY PLAN                                                                                                                       
-------------------------------------------------------------------------------------------------------------------------------------------------------------------------------------------------------------------------------------------------------
 Sort
   Sort Key: t
   ->  Bitmap Heap Scan on test_macaddr
         Recheck Cond: (v <@ '{01:01:01:01:01:00,01:01:01:01:01:01,01:01:01:01:01:02,01:01:01:01:01:03,01:01:01:01:01:04,01:01:01:01:01:05,01:01:01:01:01:06,01:01:01:01:01:07,01:01:01:01:01:08,01:01:01:01:01:09,01:01:01:01:01:0a}'::macaddr[])
         ->  Bitmap Index Scan on idx_test_macaddr
               Index Cond: (v <@ '{01:01:01:01:01:00,01:01:01:01:01:01,01:01:01:01:01:02,01:01:01:01:01:03,01:01:01:01:01:04,01:01:01:01:01:05,01:01:01:01:01:06,01:01:01:01:01:07,01:01:01:01:01:08,01:01:01:01:01:09,01:01:01:01:01:0a}'::macaddr[])
(6 rows)

EXPLAIN (COSTS OFF) SELECT t, v FROM test_macaddr WHERE v =  to_macp_array('{0,1,2,3,4,5,6,7,8,9,10}')::macaddr[] ORDER BY t;
                                                                                                                      QUERY PLAN                                                                                                                      
------------------------------------------------------------------------------------------------------------------------------------------------------------------------------------------------------------------------------------------------------
 Sort
   Sort Key: t
   ->  Bitmap Heap Scan on test_macaddr
         Recheck Cond: (v = '{01:01:01:01:01:00,01:01:01:01:01:01,01:01:01:01:01:02,01:01:01:01:01:03,01:01:01:01:01:04,01:01:01:01:01:05,01:01:01:01:01:06,01:01:01:01:01:07,01:01:01:01:01:08,01:01:01:01:01:09,01:01:01:01:01:0a}'::macaddr[])
         ->  Bitmap Index Scan on idx_test_macaddr
               Index Cond: (v = '{01:01:01:01:01:00,01:01:01:01:01:01,01:01:01:01:01:02,01:01:01:01:01:03,01:01:01:01:01:04,01:01:01:01:01:05,01:01:01:01:01:06,01:01:01:01:01:07,01:01:01:01:01:08,01:01:01:01:01:09,01:01:01:01:01:0a}'::macaddr[])
(6 rows)

EXPLAIN (COSTS OFF) SELECT t, v FROM test_macaddr WHERE v %  to_macp_array('{0,1,2,3,4,5,6,7,8,9,10}')::macaddr[] ORDER BY t;
                                                                                                                      QUERY PLAN                                                                                                                      
------------------------------------------------------------------------------------------------------------------------------------------------------------------------------------------------------------------------------------------------------
 Sort
   Sort Key: t
   ->  Bitmap Heap Scan on test_macaddr
         Recheck Cond: (v % '{01:01:01:01:01:00,01:01:01:01:01:01,01:01:01:01:01:02,01:01:01:01:01:03,01:01:01:01:01:04,01:01:01:01:01:05,01:01:01:01:01:06,01:01:01:01:01:07,01:01:01:01:01:08,01:01:01:01:01:09,01:01:01:01:01:0a}'::macaddr[])
         ->  Bitmap Index Scan on idx_test_macaddr
               Index Cond: (v % '{01:01:01:01:01:00,01:01:01:01:01:01,01:01:01:01:01:02,01:01:01:01:01:03,01:01:01:01:01:04,01:01:01:01:01:05,01:01:01:01:01:06,01:01:01:01:01:07,01:01:01:01:01:08,01:01:01:01:01:09,01:01:01:01:01:0a}'::macaddr[])
(6 rows)

SELECT t, v FROM test_macaddr WHERE v && to_macp_array('{43,50}')::macaddr[] ORDER BY t;
 t  |                                                                                                    v                                                                                                    
----+---------------------------------------------------------------------------------------------------------------------------------------------------------------------------------------------------------
 43 | {01:01:01:01:01:21,01:01:01:01:01:22,01:01:01:01:01:23,01:01:01:01:01:24,01:01:01:01:01:25,01:01:01:01:01:26,01:01:01:01:01:27,01:01:01:01:01:28,01:01:01:01:01:29,01:01:01:01:01:2a,01:01:01:01:01:2b}
 44 | {01:01:01:01:01:22,01:01:01:01:01:23,01:01:01:01:01:24,01:01:01:01:01:25,01:01:01:01:01:26,01:01:01:01:01:27,01:01:01:01:01:28,01:01:01:01:01:29,01:01:01:01:01:2a,01:01:01:01:01:2b,01:01:01:01:01:2c}
 45 | {01:01:01:01:01:23,01:01:01:01:01:24,01:01:01:01:01:25,01:01:01:01:01:26,01:01:01:01:01:27,01:01:01:01:01:28,01:01:01:01:01:29,01:01:01:01:01:2a,01:01:01:01:01:2b,01:01:01:01:01:2c,01:01:01:01:01:2d}
 46 | {01:01:01:01:01:24,01:01:01:01:01:25,01:01:01:01:01:26,01:01:01:01:01:27,01:01:01:01:01:28,01:01:01:01:01:29,01:01:01:01:01:2a,01:01:01:01:01:2b,01:01:01:01:01:2c,01:01:01:01:01:2d,01:01:01:01:01:2e}
 47 | {01:01:01:01:01:25,01:01:01:01:01:26,01:01:01:01:01:27,01:01:01:01:01:28,01:01:01:01:01:29,01:01:01:01:01:2a,01:01:01:01:01:2b,01:01:01:01:01:2c,01:01:01:01:01:2d,01:01:01:01:01:2e,01:01:01:01:01:2f}
 48 | {01:01:01:01:01:26,01:01:01:01:01:27,01:01:01:01:01:28,01:01:01:01:01:29,01:01:01:01:01:2a,01:01:01:01:01:2b,01:01:01:01:01:2c,01:01:01:01:01:2d,01:01:01:01:01:2e,01:01:01:01:01:2f,01:01:01:01:01:30}
 49 | {01:01:01:01:01:27,01:01:01:01:01:28,01:01:01:01:01:29,01:01:01:01:01:2a,01:01:01:01:01:2b,01:01:01:01:01:2c,01:01:01:01:01:2d,01:01:01:01:01:2e,01:01:01:01:01:2f,01:01:01:01:01:30,01:01:01:01:01:31}
 50 | {01:01:01:01:01:28,01:01:01:01:01:29,01:01:01:01:01:2a,01:01:01:01:01:2b,01:01:01:01:01:2c,01:01:01:01:01:2d,01:01:01:01:01:2e,01:01:01:01:01:2f,01:01:01:01:01:30,01:01:01:01:01:31,01:01:01:01:01:32}
 51 | {01:01:01:01:01:29,01:01:01:01:01:2a,01:01:01:01:01:2b,01:01:01:01:01:2c,01:01:01:01:01:2d,01:01:01:01:01:2e,01:01:01:01:01:2f,01:01:01:01:01:30,01:01:01:01:01:31,01:01:01:01:01:32,01:01:01:01:01:33}
 52 | {01:01:01:01:01:2a,01:01:01:01:01:2b,01:01:01:01:01:2c,01:01:01:01:01:2d,01:01:01:01:01:2e,01:01:01:01:01:2f,01:01:01:01:01:30,01:01:01:01:01:31,01:01:01:01:01:32,01:01:01:01:01:33,01:01:01:01:01:34}
 53 | {01:01:01:01:01:2b,01:01:01:01:01:2c,01:01:01:01:01:2d,01:01:01:01:01:2e,01:01:01:01:01:2f,01:01:01:01:01:30,01:01:01:01:01:31,01:01:01:01:01:32,01:01:01:01:01:33,01:01:01:01:01:34,01:01:01:01:01:35}
 54 | {01:01:01:01:01:2c,01:01:01:01:01:2d,01:01:01:01:01:2e,01:01:01:01:01:2f,01:01:01:01:01:30,01:01:01:01:01:31,01:01:01:01:01:32,01:01:01:01:01:33,01:01:01:01:01:34,01:01:01:01:01:35,01:01:01:01:01:36}
 55 | {01:01:01:01:01:2d,01:01:01:01:01:2e,01:01:01:01:01:2f,01:01:01:01:01:30,01:01:01:01:01:31,01:01:01:01:01:32,01:01:01:01:01:33,01:01:01:01:01:34,01:01:01:01:01:35,01:01:01:01:01:36,01:01:01:01:01:37}
 56 | {01:01:01:01:01:2e,01:01:01:01:01:2f,01:01:01:01:01:30,01:01:01:01:01:31,01:01:01:01:01:32,01:01:01:01:01:33,01:01:01:01:01:34,01:01:01:01:01:35,01:01:01:01:01:36,01:01:01:01:01:37,01:01:01:01:01:38}
 57 | {01:01:01:01:01:2f,01:01:01:01:01:30,01:01:01:01:01:31,01:01:01:01:01:32,01:01:01:01:01:33,01:01:01:01:01:34,01:01:01:01:01:35,01:01:01:01:01:36,01:01:01:01:01:37,01:01:01:01:01:38,01:01:01:01:01:39}
 58 | {01:01:01:01:01:30,01:01:01:01:01:31,01:01:01:01:01:32,01:01:01:01:01:33,01:01:01:01:01:34,01:01:01:01:01:35,01:01:01:01:01:36,01:01:01:01:01:37,01:01:01:01:01:38,01:01:01:01:01:39,01:01:01:01:01:3a}
 59 | {01:01:01:01:01:31,01:01:01:01:01:32,01:01:01:01:01:33,01:01:01:01:01:34,01:01:01:01:01:35,01:01:01:01:01:36,01:01:01:01:01:37,01:01:01:01:01:38,01:01:01:01:01:39,01:01:01:01:01:3a,01:01:01:01:01:3b}
 60 | {01:01:01:01:01:32,01:01:01:01:01:33,01:01:01:01:01:34,01:01:01:01:01:35,01:01:01:01:01:36,01:01:01:01:01:37,01:01:01:01:01:38,01:01:01:01:01:39,01:01:01:01:01:3a,01:01:01:01:01:3b,01:01:01:01:01:3c}
(18 rows)

SELECT t, v FROM test_macaddr WHERE v @> to_macp_array('{43,50}')::macaddr[] ORDER BY t;
 t  |                                                                                                    v                                                                                                    
----+---------------------------------------------------------------------------------------------------------------------------------------------------------------------------------------------------------
 50 | {01:01:01:01:01:28,01:01:01:01:01:29,01:01:01:01:01:2a,01:01:01:01:01:2b,01:01:01:01:01:2c,01:01:01:01:01:2d,01:01:01:01:01:2e,01:01:01:01:01:2f,01:01:01:01:01:30,01:01:01:01:01:31,01:01:01:01:01:32}
 51 | {01:01:01:01:01:29,01:01:01:01:01:2a,01:01:01:01:01:2b,01:01:01:01:01:2c,01:01:01:01:01:2d,01:01:01:01:01:2e,01:01:01:01:01:2f,01:01:01:01:01:30,01:01:01:01:01:31,01:01:01:01:01:32,01:01:01:01:01:33}
 52 | {01:01:01:01:01:2a,01:01:01:01:01:2b,01:01:01:01:01:2c,01:01:01:01:01:2d,01:01:01:01:01:2e,01:01:01:01:01:2f,01:01:01:01:01:30,01:01:01:01:01:31,01:01:01:01:01:32,01:01:01:01:01:33,01:01:01:01:01:34}
 53 | {01:01:01:01:01:2b,01:01:01:01:01:2c,01:01:01:01:01:2d,01:01:01:01:01:2e,01:01:01:01:01:2f,01:01:01:01:01:30,01:01:01:01:01:31,01:01:01:01:01:32,01:01:01:01:01:33,01:01:01:01:01:34,01:01:01:01:01:35}
(4 rows)

SELECT t, v FROM test_macaddr WHERE v <@ to_macp_array('{0,1,2,3,4,5,6,7,8,9,10}')::macaddr[] ORDER BY t;
 t  |                                                                                                    v                                                                                                    
----+---------------------------------------------------------------------------------------------------------------------------------------------------------------------------------------------------------
  1 | {01:01:01:01:01:00,01:01:01:01:01:01}
  2 | {01:01:01:01:01:00,01:01:01:01:01:01,01:01:01:01:01:02}
  3 | {01:01:01:01:01:00,01:01:01:01:01:01,01:01:01:01:01:02,01:01:01:01:01:03}
  4 | {01:01:01:01:01:00,01:01:01:01:01:01,01:01:01:01:01:02,01:01:01:01:01:03,01:01:01:01:01:04}
  5 | {01:01:01:01:01:00,01:01:01:01:01:01,01:01:01:01:01:02,01:01:01:01:01:03,01:01:01:01:01:04,01:01:01:01:01:05}
  6 | {01:01:01:01:01:00,01:01:01:01:01:01,01:01:01:01:01:02,01:01:01:01:01:03,01:01:01:01:01:04,01:01:01:01:01:05,01:01:01:01:01:06}
  7 | {01:01:01:01:01:00,01:01:01:01:01:01,01:01:01:01:01:02,01:01:01:01:01:03,01:01:01:01:01:04,01:01:01:01:01:05,01:01:01:01:01:06,01:01:01:01:01:07}
  8 | {01:01:01:01:01:00,01:01:01:01:01:01,01:01:01:01:01:02,01:01:01:01:01:03,01:01:01:01:01:04,01:01:01:01:01:05,01:01:01:01:01:06,01:01:01:01:01:07,01:01:01:01:01:08}
  9 | {01:01:01:01:01:00,01:01:01:01:01:01,01:01:01:01:01:02,01:01:01:01:01:03,01:01:01:01:01:04,01:01:01:01:01:05,01:01:01:01:01:06,01:01:01:01:01:07,01:01:01:01:01:08,01:01:01:01:01:09}
 10 | {01:01:01:01:01:00,01:01:01:01:01:01,01:01:01:01:01:02,01:01:01:01:01:03,01:01:01:01:01:04,01:01:01:01:01:05,01:01:01:01:01:06,01:01:01:01:01:07,01:01:01:01:01:08,01:01:01:01:01:09,01:01:01:01:01:0a}
(10 rows)

SELECT t, v FROM test_macaddr WHERE v =  to_macp_array('{0,1,2,3,4,5,6,7,8,9,10}')::macaddr[] ORDER BY t;
 t  |                                                                                                    v                                                                                                    
----+---------------------------------------------------------------------------------------------------------------------------------------------------------------------------------------------------------
 10 | {01:01:01:01:01:00,01:01:01:01:01:01,01:01:01:01:01:02,01:01:01:01:01:03,01:01:01:01:01:04,01:01:01:01:01:05,01:01:01:01:01:06,01:01:01:01:01:07,01:01:01:01:01:08,01:01:01:01:01:09,01:01:01:01:01:0a}
(1 row)

SET anyarray.similarity_type=cosine;
SELECT t, v FROM test_macaddr WHERE v %  to_macp_array('{0,1,2,3,4,5,6,7,8,9,10}')::macaddr[] ORDER BY t;
 t  |                                                                                                    v                                                                                                    
----+---------------------------------------------------------------------------------------------------------------------------------------------------------------------------------------------------------
  3 | {01:01:01:01:01:00,01:01:01:01:01:01,01:01:01:01:01:02,01:01:01:01:01:03}
  4 | {01:01:01:01:01:00,01:01:01:01:01:01,01:01:01:01:01:02,01:01:01:01:01:03,01:01:01:01:01:04}
  5 | {01:01:01:01:01:00,01:01:01:01:01:01,01:01:01:01:01:02,01:01:01:01:01:03,01:01:01:01:01:04,01:01:01:01:01:05}
  6 | {01:01:01:01:01:00,01:01:01:01:01:01,01:01:01:01:01:02,01:01:01:01:01:03,01:01:01:01:01:04,01:01:01:01:01:05,01:01:01:01:01:06}
  7 | {01:01:01:01:01:00,01:01:01:01:01:01,01:01:01:01:01:02,01:01:01:01:01:03,01:01:01:01:01:04,01:01:01:01:01:05,01:01:01:01:01:06,01:01:01:01:01:07}
  8 | {01:01:01:01:01:00,01:01:01:01:01:01,01:01:01:01:01:02,01:01:01:01:01:03,01:01:01:01:01:04,01:01:01:01:01:05,01:01:01:01:01:06,01:01:01:01:01:07,01:01:01:01:01:08}
  9 | {01:01:01:01:01:00,01:01:01:01:01:01,01:01:01:01:01:02,01:01:01:01:01:03,01:01:01:01:01:04,01:01:01:01:01:05,01:01:01:01:01:06,01:01:01:01:01:07,01:01:01:01:01:08,01:01:01:01:01:09}
 10 | {01:01:01:01:01:00,01:01:01:01:01:01,01:01:01:01:01:02,01:01:01:01:01:03,01:01:01:01:01:04,01:01:01:01:01:05,01:01:01:01:01:06,01:01:01:01:01:07,01:01:01:01:01:08,01:01:01:01:01:09,01:01:01:01:01:0a}
 11 | {01:01:01:01:01:01,01:01:01:01:01:02,01:01:01:01:01:03,01:01:01:01:01:04,01:01:01:01:01:05,01:01:01:01:01:06,01:01:01:01:01:07,01:01:01:01:01:08,01:01:01:01:01:09,01:01:01:01:01:0a,01:01:01:01:01:0b}
 12 | {01:01:01:01:01:02,01:01:01:01:01:03,01:01:01:01:01:04,01:01:01:01:01:05,01:01:01:01:01:06,01:01:01:01:01:07,01:01:01:01:01:08,01:01:01:01:01:09,01:01:01:01:01:0a,01:01:01:01:01:0b,01:01:01:01:01:0c}
 13 | {01:01:01:01:01:03,01:01:01:01:01:04,01:01:01:01:01:05,01:01:01:01:01:06,01:01:01:01:01:07,01:01:01:01:01:08,01:01:01:01:01:09,01:01:01:01:01:0a,01:01:01:01:01:0b,01:01:01:01:01:0c,01:01:01:01:01:0d}
 14 | {01:01:01:01:01:04,01:01:01:01:01:05,01:01:01:01:01:06,01:01:01:01:01:07,01:01:01:01:01:08,01:01:01:01:01:09,01:01:01:01:01:0a,01:01:01:01:01:0b,01:01:01:01:01:0c,01:01:01:01:01:0d,01:01:01:01:01:0e}
(12 rows)

SET anyarray.similarity_type=jaccard;
SELECT t, v FROM test_macaddr WHERE v %  to_macp_array('{0,1,2,3,4,5,6,7,8,9,10}')::macaddr[] ORDER BY t;
 t  |                                                                                                    v                                                                                                    
----+---------------------------------------------------------------------------------------------------------------------------------------------------------------------------------------------------------
  6 | {01:01:01:01:01:00,01:01:01:01:01:01,01:01:01:01:01:02,01:01:01:01:01:03,01:01:01:01:01:04,01:01:01:01:01:05,01:01:01:01:01:06}
  7 | {01:01:01:01:01:00,01:01:01:01:01:01,01:01:01:01:01:02,01:01:01:01:01:03,01:01:01:01:01:04,01:01:01:01:01:05,01:01:01:01:01:06,01:01:01:01:01:07}
  8 | {01:01:01:01:01:00,01:01:01:01:01:01,01:01:01:01:01:02,01:01:01:01:01:03,01:01:01:01:01:04,01:01:01:01:01:05,01:01:01:01:01:06,01:01:01:01:01:07,01:01:01:01:01:08}
  9 | {01:01:01:01:01:00,01:01:01:01:01:01,01:01:01:01:01:02,01:01:01:01:01:03,01:01:01:01:01:04,01:01:01:01:01:05,01:01:01:01:01:06,01:01:01:01:01:07,01:01:01:01:01:08,01:01:01:01:01:09}
 10 | {01:01:01:01:01:00,01:01:01:01:01:01,01:01:01:01:01:02,01:01:01:01:01:03,01:01:01:01:01:04,01:01:01:01:01:05,01:01:01:01:01:06,01:01:01:01:01:07,01:01:01:01:01:08,01:01:01:01:01:09,01:01:01:01:01:0a}
 11 | {01:01:01:01:01:01,01:01:01:01:01:02,01:01:01:01:01:03,01:01:01:01:01:04,01:01:01:01:01:05,01:01:01:01:01:06,01:01:01:01:01:07,01:01:01:01:01:08,01:01:01:01:01:09,01:01:01:01:01:0a,01:01:01:01:01:0b}
 12 | {01:01:01:01:01:02,01:01:01:01:01:03,01:01:01:01:01:04,01:01:01:01:01:05,01:01:01:01:01:06,01:01:01:01:01:07,01:01:01:01:01:08,01:01:01:01:01:09,01:01:01:01:01:0a,01:01:01:01:01:0b,01:01:01:01:01:0c}
(7 rows)

SET anyarray.similarity_type=overlap;
SET anyarray.similarity_threshold = 3;
SELECT t, v FROM test_macaddr WHERE v %  to_macp_array('{0,1,2,3,4,5,6,7,8,9,10}')::macaddr[] ORDER BY t;
 t  |                                                                                                    v                                                                                                    
----+---------------------------------------------------------------------------------------------------------------------------------------------------------------------------------------------------------
  2 | {01:01:01:01:01:00,01:01:01:01:01:01,01:01:01:01:01:02}
  3 | {01:01:01:01:01:00,01:01:01:01:01:01,01:01:01:01:01:02,01:01:01:01:01:03}
  4 | {01:01:01:01:01:00,01:01:01:01:01:01,01:01:01:01:01:02,01:01:01:01:01:03,01:01:01:01:01:04}
  5 | {01:01:01:01:01:00,01:01:01:01:01:01,01:01:01:01:01:02,01:01:01:01:01:03,01:01:01:01:01:04,01:01:01:01:01:05}
  6 | {01:01:01:01:01:00,01:01:01:01:01:01,01:01:01:01:01:02,01:01:01:01:01:03,01:01:01:01:01:04,01:01:01:01:01:05,01:01:01:01:01:06}
  7 | {01:01:01:01:01:00,01:01:01:01:01:01,01:01:01:01:01:02,01:01:01:01:01:03,01:01:01:01:01:04,01:01:01:01:01:05,01:01:01:01:01:06,01:01:01:01:01:07}
  8 | {01:01:01:01:01:00,01:01:01:01:01:01,01:01:01:01:01:02,01:01:01:01:01:03,01:01:01:01:01:04,01:01:01:01:01:05,01:01:01:01:01:06,01:01:01:01:01:07,01:01:01:01:01:08}
  9 | {01:01:01:01:01:00,01:01:01:01:01:01,01:01:01:01:01:02,01:01:01:01:01:03,01:01:01:01:01:04,01:01:01:01:01:05,01:01:01:01:01:06,01:01:01:01:01:07,01:01:01:01:01:08,01:01:01:01:01:09}
 10 | {01:01:01:01:01:00,01:01:01:01:01:01,01:01:01:01:01:02,01:01:01:01:01:03,01:01:01:01:01:04,01:01:01:01:01:05,01:01:01:01:01:06,01:01:01:01:01:07,01:01:01:01:01:08,01:01:01:01:01:09,01:01:01:01:01:0a}
 11 | {01:01:01:01:01:01,01:01:01:01:01:02,01:01:01:01:01:03,01:01:01:01:01:04,01:01:01:01:01:05,01:01:01:01:01:06,01:01:01:01:01:07,01:01:01:01:01:08,01:01:01:01:01:09,01:01:01:01:01:0a,01:01:01:01:01:0b}
 12 | {01:01:01:01:01:02,01:01:01:01:01:03,01:01:01:01:01:04,01:01:01:01:01:05,01:01:01:01:01:06,01:01:01:01:01:07,01:01:01:01:01:08,01:01:01:01:01:09,01:01:01:01:01:0a,01:01:01:01:01:0b,01:01:01:01:01:0c}
 13 | {01:01:01:01:01:03,01:01:01:01:01:04,01:01:01:01:01:05,01:01:01:01:01:06,01:01:01:01:01:07,01:01:01:01:01:08,01:01:01:01:01:09,01:01:01:01:01:0a,01:01:01:01:01:0b,01:01:01:01:01:0c,01:01:01:01:01:0d}
 14 | {01:01:01:01:01:04,01:01:01:01:01:05,01:01:01:01:01:06,01:01:01:01:01:07,01:01:01:01:01:08,01:01:01:01:01:09,01:01:01:01:01:0a,01:01:01:01:01:0b,01:01:01:01:01:0c,01:01:01:01:01:0d,01:01:01:01:01:0e}
 15 | {01:01:01:01:01:05,01:01:01:01:01:06,01:01:01:01:01:07,01:01:01:01:01:08,01:01:01:01:01:09,01:01:01:01:01:0a,01:01:01:01:01:0b,01:01:01:01:01:0c,01:01:01:01:01:0d,01:01:01:01:01:0e,01:01:01:01:01:0f}
 16 | {01:01:01:01:01:06,01:01:01:01:01:07,01:01:01:01:01:08,01:01:01:01:01:09,01:01:01:01:01:0a,01:01:01:01:01:0b,01:01:01:01:01:0c,01:01:01:01:01:0d,01:01:01:01:01:0e,01:01:01:01:01:0f,01:01:01:01:01:10}
 17 | {01:01:01:01:01:07,01:01:01:01:01:08,01:01:01:01:01:09,01:01:01:01:01:0a,01:01:01:01:01:0b,01:01:01:01:01:0c,01:01:01:01:01:0d,01:01:01:01:01:0e,01:01:01:01:01:0f,01:01:01:01:01:10,01:01:01:01:01:11}
 18 | {01:01:01:01:01:08,01:01:01:01:01:09,01:01:01:01:01:0a,01:01:01:01:01:0b,01:01:01:01:01:0c,01:01:01:01:01:0d,01:01:01:01:01:0e,01:01:01:01:01:0f,01:01:01:01:01:10,01:01:01:01:01:11,01:01:01:01:01:12}
(17 rows)

RESET anyarray.similarity_threshold;
